# JRE version: Java(TM) SE Runtime Environment (11.0.6+8) (build 11.0.6+8-LTS)
# Java VM: Java HotSpot(TM) 64-Bit Server VM (11.0.6+8-LTS, mixed mode, tiered, compressed oops, g1 gc, windows-amd64)
Heap:
 garbage-first heap   total 36864K, used 8768K [0x0000000082400000, 0x0000000100000000)
  region size 1024K, 1 young (1024K), 1 survivors (1024K)
 Metaspace       used 15718K, capacity 16065K, committed 16128K, reserved 1062912K
  class space    used 1644K, capacity 1786K, committed 1792K, reserved 1048576K
GC Heap History (10 events):
Event: 0.483 GC heap after
{Heap after GC invocations=13 (full 0):
 garbage-first heap   total 14336K, used 5385K [0x0000000082400000, 0x0000000100000000)
  region size 1024K, 1 young (1024K), 1 survivors (1024K)
 Metaspace       used 15199K, capacity 15533K, committed 15616K, reserved 1062912K
  class space    used 1592K, capacity 1738K, committed 1792K, reserved 1048576K
}
Event: 0.488 GC heap before
{Heap before GC invocations=13 (full 0):
 garbage-first heap   total 14336K, used 7433K [0x0000000082400000, 0x0000000100000000)
  region size 1024K, 3 young (3072K), 1 survivors (1024K)
 Metaspace       used 15200K, capacity 15533K, committed 15616K, reserved 1062912K
  class space    used 1592K, capacity 1738K, committed 1792K, reserved 1048576K
}
Event: 0.490 GC heap after
{Heap after GC invocations=14 (full 0):
 garbage-first heap   total 18432K, used 5579K [0x0000000082400000, 0x0000000100000000)
  region size 1024K, 1 young (1024K), 1 survivors (1024K)
 Metaspace       used 15200K, capacity 15533K, committed 15616K, reserved 1062912K
  class space    used 1592K, capacity 1738K, committed 1792K, reserved 1048576K
}
Event: 0.525 GC heap before
{Heap before GC invocations=14 (full 0):
 garbage-first heap   total 18432K, used 9675K [0x0000000082400000, 0x0000000100000000)
  region size 1024K, 5 young (5120K), 1 survivors (1024K)
 Metaspace       used 15383K, capacity 15683K, committed 15872K, reserved 1062912K
  class space    used 1611K, capacity 1745K, committed 1792K, reserved 1048576K
}
Event: 0.528 GC heap after
{Heap after GC invocations=15 (full 0):
 garbage-first heap   total 18432K, used 6417K [0x0000000082400000, 0x0000000100000000)
  region size 1024K, 1 young (1024K), 1 survivors (1024K)
 Metaspace       used 15383K, capacity 15683K, committed 15872K, reserved 1062912K
  class space    used 1611K, capacity 1745K, committed 1792K, reserved 1048576K
}
Event: 0.548 GC heap before
{Heap before GC invocations=15 (full 0):
 garbage-first heap   total 18432K, used 8465K [0x0000000082400000, 0x0000000100000000)
  region size 1024K, 4 young (4096K), 1 survivors (1024K)
 Metaspace       used 15483K, capacity 15823K, committed 15872K, reserved 1062912K
  class space    used 1620K, capacity 1749K, committed 1792K, reserved 1048576K
}
Event: 0.551 GC heap after
{Heap after GC invocations=16 (full 0):
 garbage-first heap   total 18432K, used 7610K [0x0000000082400000, 0x0000000100000000)
  region size 1024K, 1 young (1024K), 1 survivors (1024K)
 Metaspace       used 15483K, capacity 15823K, committed 15872K, reserved 1062912K
  class space    used 1620K, capacity 1749K, committed 1792K, reserved 1048576K
}
Event: 0.581 GC heap before
{Heap before GC invocations=16 (full 0):
 garbage-first heap   total 18432K, used 10682K [0x0000000082400000, 0x0000000100000000)
  region size 1024K, 4 young (4096K), 1 survivors (1024K)
 Metaspace       used 15718K, capacity 16065K, committed 16128K, reserved 1062912K
  class space    used 1644K, capacity 1786K, committed 1792K, reserved 1048576K
}
Event: 0.584 GC heap after
{Heap after GC invocations=17 (full 0):
 garbage-first heap   total 18432K, used 8275K [0x0000000082400000, 0x0000000100000000)
  region size 1024K, 1 young (1024K), 1 survivors (1024K)
 Metaspace       used 15718K, capacity 16065K, committed 16128K, reserved 1062912K
  class space    used 1644K, capacity 1786K, committed 1792K, reserved 1048576K
}
Event: 0.590 GC heap before
{Heap before GC invocations=17 (full 0):
 garbage-first heap   total 18432K, used 11347K [0x0000000082400000, 0x0000000100000000)
  region size 1024K, 4 young (4096K), 1 survivors (1024K)
 Metaspace       used 15718K, capacity 16065K, committed 16128K, reserved 1062912K
  class space    used 1644K, capacity 1786K, committed 1792K, reserved 1048576K
}

